<?xml version="1.0" encoding="UTF-8"?>
<!-- Generated by org.testng.reporters.JUnitXMLReporter -->
<testsuite hostname="RAMYA" ignored="0" name="Test" tests="24" failures="3" timestamp="04 Mar 2022 06:45:26 GMT" time="1.037" errors="0">
  <testcase name="test1" time="0.032" classname="org.rerunn.A"/>
  <testcase name="test2" time="0.031" classname="org.rerunn.A">
    <skipped/>
  </testcase> <!-- test2 -->
  <testcase name="test2" time="0.016" classname="org.rerunn.A">
    <skipped/>
  </testcase> <!-- test2 -->
  <testcase name="test2" time="0.047" classname="org.rerunn.A">
    <skipped/>
  </testcase> <!-- test2 -->
  <testcase name="test2" time="0.015" classname="org.rerunn.A">
    <skipped/>
  </testcase> <!-- test2 -->
  <testcase name="test2" time="0.0" classname="org.rerunn.A">
    <skipped/>
  </testcase> <!-- test2 -->
  <testcase name="test2" time="0.016" classname="org.rerunn.A">
    <failure type="java.lang.AssertionError" message="expected [true] but found [false]">
      <![CDATA[java.lang.AssertionError: expected [true] but found [false]
at org.rerunn.A.test2(A.java:16)
... Removed 29 stack frames]]>
    </failure>
  </testcase> <!-- test2 -->
  <testcase name="test3" time="0.0" classname="org.rerunn.A"/>
  <testcase name="test1" time="0.0" classname="org.rerunn.B"/>
  <testcase name="test2" time="0.016" classname="org.rerunn.B">
    <skipped/>
  </testcase> <!-- test2 -->
  <testcase name="test2" time="0.0" classname="org.rerunn.B">
    <skipped/>
  </testcase> <!-- test2 -->
  <testcase name="test2" time="0.0" classname="org.rerunn.B">
    <skipped/>
  </testcase> <!-- test2 -->
  <testcase name="test2" time="0.0" classname="org.rerunn.B">
    <skipped/>
  </testcase> <!-- test2 -->
  <testcase name="test2" time="0.015" classname="org.rerunn.B">
    <skipped/>
  </testcase> <!-- test2 -->
  <testcase name="test2" time="0.016" classname="org.rerunn.B">
    <failure type="java.lang.AssertionError" message="expected [true] but found [false]">
      <![CDATA[java.lang.AssertionError: expected [true] but found [false]
at org.rerunn.B.test2(B.java:16)
... Removed 29 stack frames]]>
    </failure>
  </testcase> <!-- test2 -->
  <testcase name="test3" time="0.0" classname="org.rerunn.B"/>
  <testcase name="test1" time="0.0" classname="org.rerunn.C"/>
  <testcase name="test2" time="0.038" classname="org.rerunn.C">
    <skipped/>
  </testcase> <!-- test2 -->
  <testcase name="test2" time="0.0" classname="org.rerunn.C">
    <skipped/>
  </testcase> <!-- test2 -->
  <testcase name="test2" time="0.0" classname="org.rerunn.C">
    <skipped/>
  </testcase> <!-- test2 -->
  <testcase name="test2" time="0.005" classname="org.rerunn.C">
    <skipped/>
  </testcase> <!-- test2 -->
  <testcase name="test2" time="0.0" classname="org.rerunn.C">
    <skipped/>
  </testcase> <!-- test2 -->
  <testcase name="test2" time="0.0" classname="org.rerunn.C">
    <failure type="java.lang.AssertionError" message="expected [true] but found [false]">
      <![CDATA[java.lang.AssertionError: expected [true] but found [false]
at org.rerunn.C.test2(C.java:15)
... Removed 29 stack frames]]>
    </failure>
  </testcase> <!-- test2 -->
  <testcase name="test3" time="0.031" classname="org.rerunn.C"/>
</testsuite> <!-- Test -->
